<?xml version="1.0" encoding="UTF-8"?>
<!-- Generated by org.testng.reporters.JUnitXMLReporter -->
<testsuite ignored="13" hostname="A-L-14" failures="2" tests="21" name="Scenario Tests" time="93.062" errors="0" timestamp="2025-04-16T15:43:40 EET">
  <testcase classname="tests.Scenario_1_CheckWebsiteIsReadyForTest" name="openHomePage" time="3.556"/>
  <testcase classname="tests.Scenario_1_CheckWebsiteIsReadyForTest" name="openRegisterPage" time="2.01"/>
  <testcase classname="tests.Scenario_2_RegisterNewUserAndLogOut" name="clearDB" time="0.9"/>
  <testcase classname="tests.Scenario_2_RegisterNewUserAndLogOut" name="openRegisterPage" time="2.974"/>
  <testcase classname="tests.Scenario_2_RegisterNewUserAndLogOut" name="RegisterWith_ValidData" time="8.297"/>
  <testcase classname="tests.Scenario_2_RegisterNewUserAndLogOut" name="logOut" time="1.782"/>
  <testcase classname="tests.Scenario_3_LoginAndLogoutFromHomePage" name="openHomePage" time="2.472"/>
  <testcase classname="tests.Scenario_3_LoginAndLogoutFromHomePage" name="logIn" time="2.519"/>
  <testcase classname="tests.Scenario_3_LoginAndLogoutFromHomePage" name="logOut" time="1.693"/>
  <testcase classname="tests.Scenario_4_ForgetLoginInformation" name="openHomePage" time="2.387"/>
  <testcase classname="tests.Scenario_4_ForgetLoginInformation" name="openLoginInformation" time="1.29"/>
  <testcase classname="tests.Scenario_4_ForgetLoginInformation" name="askForLoginInformation" time="4.386"/>
  <testcase classname="tests.Scenario_4_ForgetLoginInformation" name="checkUNameAndPassword" time="0.64"/>
  <testcase classname="tests.Scenario_4_ForgetLoginInformation" name="logOut" time="1.726"/>
  <testcase classname="tests.Scenario_5_UpdateUserProfileAndVerifyChanges" name="openHomePage" time="1.803"/>
  <testcase classname="tests.Scenario_5_UpdateUserProfileAndVerifyChanges" name="logIn_1" time="2.308"/>
  <testcase classname="tests.Scenario_5_UpdateUserProfileAndVerifyChanges" name="openUUpdateContactInfoPage_1" time="1.38"/>
  <testcase classname="tests.Scenario_5_UpdateUserProfileAndVerifyChanges" name="editFirsName_ValidData" time="3.486"/>
  <testcase classname="tests.Scenario_5_UpdateUserProfileAndVerifyChanges" name="logOut_1" time="1.491"/>
  <testcase classname="tests.Scenario_5_UpdateUserProfileAndVerifyChanges" name="logIn_2" time="11.99">
    <failure type="org.openqa.selenium.TimeoutException" message="Expected condition failed: waiting for visibility of element located by By.linkText: Log Out (tried for 10 second(s) with 500 milliseconds interval)
Build info: version: &amp;apos;4.31.0&amp;apos;, revision: &amp;apos;1ef9f18787*&amp;apos;
System info: os.name: &amp;apos;Windows 11&amp;apos;, os.arch: &amp;apos;amd64&amp;apos;, os.version: &amp;apos;10.0&amp;apos;, java.version: &amp;apos;23.0.1&amp;apos;
Driver info: org.openqa.selenium.chrome.ChromeDriver
Capabilities {acceptInsecureCerts: false, browserName: chrome, browserVersion: 135.0.7049.95, chrome: {chromedriverVersion: 135.0.7049.95 (de2eb485a195..., userDataDir: C:\Users\abdel\AppData\Loca...}, fedcm:accounts: true, goog:chromeOptions: {debuggerAddress: localhost:61743}, networkConnectionEnabled: false, pageLoadStrategy: normal, platformName: windows, proxy: Proxy(), se:cdp: ws://localhost:61743/devtoo..., se:cdpVersion: 135.0.7049.95, setWindowRect: true, strictFileInteractability: false, timeouts: {implicit: 0, pageLoad: 300000, script: 30000}, unhandledPromptBehavior: dismiss and notify, webauthn:extension:credBlob: true, webauthn:extension:largeBlob: true, webauthn:extension:minPinLength: true, webauthn:extension:prf: true, webauthn:virtualAuthenticators: true}
Session ID: 84f6a2dd1eb0aafcb773ed2c152ee2a3">
      <![CDATA[org.openqa.selenium.TimeoutException: Expected condition failed: waiting for visibility of element located by By.linkText: Log Out (tried for 10 second(s) with 500 milliseconds interval)
Build info: version: '4.31.0', revision: '1ef9f18787*'
System info: os.name: 'Windows 11', os.arch: 'amd64', os.version: '10.0', java.version: '23.0.1'
Driver info: org.openqa.selenium.chrome.ChromeDriver
Capabilities {acceptInsecureCerts: false, browserName: chrome, browserVersion: 135.0.7049.95, chrome: {chromedriverVersion: 135.0.7049.95 (de2eb485a195..., userDataDir: C:\Users\abdel\AppData\Loca...}, fedcm:accounts: true, goog:chromeOptions: {debuggerAddress: localhost:61743}, networkConnectionEnabled: false, pageLoadStrategy: normal, platformName: windows, proxy: Proxy(), se:cdp: ws://localhost:61743/devtoo..., se:cdpVersion: 135.0.7049.95, setWindowRect: true, strictFileInteractability: false, timeouts: {implicit: 0, pageLoad: 300000, script: 30000}, unhandledPromptBehavior: dismiss and notify, webauthn:extension:credBlob: true, webauthn:extension:largeBlob: true, webauthn:extension:minPinLength: true, webauthn:extension:prf: true, webauthn:virtualAuthenticators: true}
Session ID: 84f6a2dd1eb0aafcb773ed2c152ee2a3
at org.openqa.selenium.support.ui.WebDriverWait.timeoutException(WebDriverWait.java:84)
at org.openqa.selenium.support.ui.FluentWait.until(FluentWait.java:228)
at pages.A_3_BasePage.waitUntilElementIsDisplayed(A_3_BasePage.java:84)
at pages.A_3_BasePage.checkElementIsDisplayed(A_3_BasePage.java:68)
at pages.Page_0_StaticToolBarLinks.checkStaticToolBarLinksIsDisplayed(Page_0_StaticToolBarLinks.java:26)
at tests.Scenario_5_UpdateUserProfileAndVerifyChanges.logIn_2(Scenario_5_UpdateUserProfileAndVerifyChanges.java:56)
at java.base/java.util.ArrayList.forEach(ArrayList.java:1597)
... Removed 29 stack frames]]>
    </failure>
  </testcase> <!-- logIn_2 -->
  <testcase classname="tests.Scenario_5_UpdateUserProfileAndVerifyChanges" name="checkFName_1" time="10.283">
    <failure type="org.openqa.selenium.TimeoutException" message="Expected condition failed: waiting for visibility of element located by By.xpath: //p[@class=&amp;apos;smallText&amp;apos;] (tried for 10 second(s) with 500 milliseconds interval)
Build info: version: &amp;apos;4.31.0&amp;apos;, revision: &amp;apos;1ef9f18787*&amp;apos;
System info: os.name: &amp;apos;Windows 11&amp;apos;, os.arch: &amp;apos;amd64&amp;apos;, os.version: &amp;apos;10.0&amp;apos;, java.version: &amp;apos;23.0.1&amp;apos;
Driver info: org.openqa.selenium.chrome.ChromeDriver
Capabilities {acceptInsecureCerts: false, browserName: chrome, browserVersion: 135.0.7049.95, chrome: {chromedriverVersion: 135.0.7049.95 (de2eb485a195..., userDataDir: C:\Users\abdel\AppData\Loca...}, fedcm:accounts: true, goog:chromeOptions: {debuggerAddress: localhost:61743}, networkConnectionEnabled: false, pageLoadStrategy: normal, platformName: windows, proxy: Proxy(), se:cdp: ws://localhost:61743/devtoo..., se:cdpVersion: 135.0.7049.95, setWindowRect: true, strictFileInteractability: false, timeouts: {implicit: 0, pageLoad: 300000, script: 30000}, unhandledPromptBehavior: dismiss and notify, webauthn:extension:credBlob: true, webauthn:extension:largeBlob: true, webauthn:extension:minPinLength: true, webauthn:extension:prf: true, webauthn:virtualAuthenticators: true}
Session ID: 84f6a2dd1eb0aafcb773ed2c152ee2a3">
      <![CDATA[org.openqa.selenium.TimeoutException: Expected condition failed: waiting for visibility of element located by By.xpath: //p[@class='smallText'] (tried for 10 second(s) with 500 milliseconds interval)
Build info: version: '4.31.0', revision: '1ef9f18787*'
System info: os.name: 'Windows 11', os.arch: 'amd64', os.version: '10.0', java.version: '23.0.1'
Driver info: org.openqa.selenium.chrome.ChromeDriver
Capabilities {acceptInsecureCerts: false, browserName: chrome, browserVersion: 135.0.7049.95, chrome: {chromedriverVersion: 135.0.7049.95 (de2eb485a195..., userDataDir: C:\Users\abdel\AppData\Loca...}, fedcm:accounts: true, goog:chromeOptions: {debuggerAddress: localhost:61743}, networkConnectionEnabled: false, pageLoadStrategy: normal, platformName: windows, proxy: Proxy(), se:cdp: ws://localhost:61743/devtoo..., se:cdpVersion: 135.0.7049.95, setWindowRect: true, strictFileInteractability: false, timeouts: {implicit: 0, pageLoad: 300000, script: 30000}, unhandledPromptBehavior: dismiss and notify, webauthn:extension:credBlob: true, webauthn:extension:largeBlob: true, webauthn:extension:minPinLength: true, webauthn:extension:prf: true, webauthn:virtualAuthenticators: true}
Session ID: 84f6a2dd1eb0aafcb773ed2c152ee2a3
at org.openqa.selenium.support.ui.WebDriverWait.timeoutException(WebDriverWait.java:84)
at org.openqa.selenium.support.ui.FluentWait.until(FluentWait.java:228)
at pages.A_3_BasePage.waitUntilElementIsDisplayed(A_3_BasePage.java:84)
at pages.A_3_BasePage.getText(A_3_BasePage.java:58)
at pages.Page_0_StaticToolBarLinks.check_FirstNameByWelcome(Page_0_StaticToolBarLinks.java:66)
at tests.Scenario_5_UpdateUserProfileAndVerifyChanges.checkFName_1(Scenario_5_UpdateUserProfileAndVerifyChanges.java:61)
at java.base/java.util.ArrayList.forEach(ArrayList.java:1597)
... Removed 29 stack frames]]>
    </failure>
  </testcase> <!-- checkFName_1 -->
  <testcase classname="tests.D_1_BaseTest" name="@AfterSuite endSuiteTest" time="0.0">
    <ignored/>
  </testcase> <!-- @AfterSuite endSuiteTest -->
  <testcase classname="tests.D_1_BaseTest" name="@AfterSuite endSuiteTest" time="0.0">
    <ignored/>
  </testcase> <!-- @AfterSuite endSuiteTest -->
  <testcase classname="tests.D_1_BaseTest" name="@AfterSuite endSuiteTest" time="0.0">
    <ignored/>
  </testcase> <!-- @AfterSuite endSuiteTest -->
  <testcase classname="tests.D_1_BaseTest" name="@AfterSuite endSuiteTest" time="0.0">
    <ignored/>
  </testcase> <!-- @AfterSuite endSuiteTest -->
  <testcase classname="tests.D_1_BaseTest" name="@AfterSuite endSuiteTest" time="0.0">
    <ignored/>
  </testcase> <!-- @AfterSuite endSuiteTest -->
  <testcase classname="tests.D_1_BaseTest" name="@AfterSuite endSuiteTest" time="0.0">
    <ignored/>
  </testcase> <!-- @AfterSuite endSuiteTest -->
  <testcase classname="tests.D_1_BaseTest" name="@AfterSuite endSuiteTest" time="0.0">
    <ignored/>
  </testcase> <!-- @AfterSuite endSuiteTest -->
  <testcase classname="tests.D_1_BaseTest" name="@AfterSuite endSuiteTest" time="0.0">
    <ignored/>
  </testcase> <!-- @AfterSuite endSuiteTest -->
  <testcase classname="tests.D_1_BaseTest" name="@AfterSuite endSuiteTest" time="0.0">
    <ignored/>
  </testcase> <!-- @AfterSuite endSuiteTest -->
  <testcase classname="tests.D_1_BaseTest" name="@AfterSuite endSuiteTest" time="0.0">
    <ignored/>
  </testcase> <!-- @AfterSuite endSuiteTest -->
  <testcase classname="tests.D_1_BaseTest" name="@AfterSuite endSuiteTest" time="0.0">
    <ignored/>
  </testcase> <!-- @AfterSuite endSuiteTest -->
  <testcase classname="tests.D_1_BaseTest" name="@AfterSuite endSuiteTest" time="0.0">
    <ignored/>
  </testcase> <!-- @AfterSuite endSuiteTest -->
  <testcase classname="tests.D_1_BaseTest" name="@AfterSuite endSuiteTest" time="0.0">
    <ignored/>
  </testcase> <!-- @AfterSuite endSuiteTest -->
</testsuite> <!-- Scenario Tests -->
