<html>
<head>
<title>TestNG:  Scenario Tests</title>
<link href="../testng.css" rel="stylesheet" type="text/css" />
<link href="../my-testng.css" rel="stylesheet" type="text/css" />

<style type="text/css">
.log { display: none;} 
.stack-trace { display: none;} 
</style>
<script type="text/javascript">
<!--
function flip(e) {
  current = e.style.display;
  if (current == 'block') {
    e.style.display = 'none';
    return 0;
  }
  else {
    e.style.display = 'block';
    return 1;
  }
}

function toggleBox(szDivId, elem, msg1, msg2)
{
  var res = -1;  if (document.getElementById) {
    res = flip(document.getElementById(szDivId));
  }
  else if (document.all) {
    // this is the way old msie versions work
    res = flip(document.all[szDivId]);
  }
  if(elem) {
    if(res == 0) elem.innerHTML = msg1; else elem.innerHTML = msg2;
  }

}

function toggleAllBoxes() {
  if (document.getElementsByTagName) {
    d = document.getElementsByTagName('div');
    for (i = 0; i < d.length; i++) {
      if (d[i].className == 'log') {
        flip(d[i]);
      }
    }
  }
}

// -->
</script>

</head>
<body>
<h2 align='center'>Scenario Tests</h2><table border='1' align="center">
<tr>
<td>Tests passed/Failed/Skipped:</td><td>19/2/0</td>
</tr><tr>
<td>Started on:</td><td>Wed Apr 16 15:42:06 EET 2025</td>
</tr>
<tr><td>Total time:</td><td>93 seconds (93062 ms)</td>
</tr><tr>
<td>Included groups:</td><td></td>
</tr><tr>
<td>Excluded groups:</td><td></td>
</tr>
</table><p/>
<small><i>(Hover the method name to see the test class name)</i></small><p/>
<table width='100%' border='1' class='invocation-failed'>
<tr><td colspan='4' align='center'><b>FAILED TESTS</b></td></tr>
<tr><td><b>Test method</b></td>
<td><b>Attribute(s)</b></td>
<td width="30%"><b>Exception</b></td>
<td width="10%"><b>Time (seconds)</b></td>
<td><b>Instance</b></td>
</tr>
<tr>
<td title='tests.Scenario_5_UpdateUserProfileAndVerifyChanges.logIn_2()'><b>logIn_2</b><br>Test class: tests.Scenario_5_UpdateUserProfileAndVerifyChanges</td>
<td><div><pre>org.openqa.selenium.TimeoutException: Expected condition failed: waiting for visibility of element located by By.linkText: Log Out (tried for 10 second(s) with 500 milliseconds interval)
Build info: version: &apos;4.31.0&apos;, revision: &apos;1ef9f18787*&apos;
System info: os.name: &apos;Windows 11&apos;, os.arch: &apos;amd64&apos;, os.version: &apos;10.0&apos;, java.version: &apos;23.0.1&apos;
Driver info: org.openqa.selenium.chrome.ChromeDriver
Capabilities {acceptInsecureCerts: false, browserName: chrome, browserVersion: 135.0.7049.95, chrome: {chromedriverVersion: 135.0.7049.95 (de2eb485a195..., userDataDir: C:\Users\abdel\AppData\Loca...}, fedcm:accounts: true, goog:chromeOptions: {debuggerAddress: localhost:61743}, networkConnectionEnabled: false, pageLoadStrategy: normal, platformName: windows, proxy: Proxy(), se:cdp: ws://localhost:61743/devtoo..., se:cdpVersion: 135.0.7049.95, setWindowRect: true, strictFileInteractability: false, timeouts: {implicit: 0, pageLoad: 300000, script: 30000}, unhandledPromptBehavior: dismiss and notify, webauthn:extension:credBlob: true, webauthn:extension:largeBlob: true, webauthn:extension:minPinLength: true, webauthn:extension:prf: true, webauthn:virtualAuthenticators: true}
Session ID: 84f6a2dd1eb0aafcb773ed2c152ee2a3
	at org.openqa.selenium.support.ui.WebDriverWait.timeoutException(WebDriverWait.java:84)
	at org.openqa.selenium.support.ui.FluentWait.until(FluentWait.java:228)
	at pages.A_3_BasePage.waitUntilElementIsDisplayed(A_3_BasePage.java:84)
	at pages.A_3_BasePage.checkElementIsDisplayed(A_3_BasePage.java:68)
	at pages.Page_0_StaticToolBarLinks.checkStaticToolBarLinksIsDisplayed(Page_0_StaticToolBarLinks.java:26)
	at tests.Scenario_5_UpdateUserProfileAndVerifyChanges.logIn_2(Scenario_5_UpdateUserProfileAndVerifyChanges.java:56)
	at java.base/java.util.ArrayList.forEach(ArrayList.java:1597)
... Removed 29 stack frames</pre></div><a href='#' onClick='toggleBox("stack-trace1433690944", this, "Click to show all stack frames", "Click to hide stack frames")'>Click to show all stack frames</a>
<div class='stack-trace' id='stack-trace1433690944'><pre>org.openqa.selenium.TimeoutException: Expected condition failed: waiting for visibility of element located by By.linkText: Log Out (tried for 10 second(s) with 500 milliseconds interval)
Build info: version: &apos;4.31.0&apos;, revision: &apos;1ef9f18787*&apos;
System info: os.name: &apos;Windows 11&apos;, os.arch: &apos;amd64&apos;, os.version: &apos;10.0&apos;, java.version: &apos;23.0.1&apos;
Driver info: org.openqa.selenium.chrome.ChromeDriver
Capabilities {acceptInsecureCerts: false, browserName: chrome, browserVersion: 135.0.7049.95, chrome: {chromedriverVersion: 135.0.7049.95 (de2eb485a195..., userDataDir: C:\Users\abdel\AppData\Loca...}, fedcm:accounts: true, goog:chromeOptions: {debuggerAddress: localhost:61743}, networkConnectionEnabled: false, pageLoadStrategy: normal, platformName: windows, proxy: Proxy(), se:cdp: ws://localhost:61743/devtoo..., se:cdpVersion: 135.0.7049.95, setWindowRect: true, strictFileInteractability: false, timeouts: {implicit: 0, pageLoad: 300000, script: 30000}, unhandledPromptBehavior: dismiss and notify, webauthn:extension:credBlob: true, webauthn:extension:largeBlob: true, webauthn:extension:minPinLength: true, webauthn:extension:prf: true, webauthn:virtualAuthenticators: true}
Session ID: 84f6a2dd1eb0aafcb773ed2c152ee2a3
	at org.openqa.selenium.support.ui.WebDriverWait.timeoutException(WebDriverWait.java:84)
	at org.openqa.selenium.support.ui.FluentWait.until(FluentWait.java:228)
	at pages.A_3_BasePage.waitUntilElementIsDisplayed(A_3_BasePage.java:84)
	at pages.A_3_BasePage.checkElementIsDisplayed(A_3_BasePage.java:68)
	at pages.Page_0_StaticToolBarLinks.checkStaticToolBarLinksIsDisplayed(Page_0_StaticToolBarLinks.java:26)
	at tests.Scenario_5_UpdateUserProfileAndVerifyChanges.logIn_2(Scenario_5_UpdateUserProfileAndVerifyChanges.java:56)
	at java.base/jdk.internal.reflect.DirectMethodHandleAccessor.invoke(DirectMethodHandleAccessor.java:103)
	at java.base/java.lang.reflect.Method.invoke(Method.java:580)
	at org.testng.internal.invokers.MethodInvocationHelper.invokeMethod(MethodInvocationHelper.java:141)
	at org.testng.internal.invokers.TestInvoker.invokeMethod(TestInvoker.java:687)
	at org.testng.internal.invokers.TestInvoker.invokeTestMethod(TestInvoker.java:230)
	at org.testng.internal.invokers.MethodRunner.runInSequence(MethodRunner.java:63)
	at org.testng.internal.invokers.TestInvoker$MethodInvocationAgent.invoke(TestInvoker.java:995)
	at org.testng.internal.invokers.TestInvoker.invokeTestMethods(TestInvoker.java:203)
	at org.testng.internal.invokers.TestMethodWorker.invokeTestMethods(TestMethodWorker.java:154)
	at org.testng.internal.invokers.TestMethodWorker.run(TestMethodWorker.java:134)
	at java.base/java.util.ArrayList.forEach(ArrayList.java:1597)
	at org.testng.TestRunner.privateRun(TestRunner.java:741)
	at org.testng.TestRunner.run(TestRunner.java:616)
	at org.testng.SuiteRunner.runTest(SuiteRunner.java:421)
	at org.testng.SuiteRunner.runSequentially(SuiteRunner.java:413)
	at org.testng.SuiteRunner.privateRun(SuiteRunner.java:373)
	at org.testng.SuiteRunner.run(SuiteRunner.java:312)
	at org.testng.SuiteRunnerWorker.runSuite(SuiteRunnerWorker.java:52)
	at org.testng.SuiteRunnerWorker.run(SuiteRunnerWorker.java:95)
	at org.testng.TestNG.runSuitesSequentially(TestNG.java:1274)
	at org.testng.TestNG.runSuitesLocally(TestNG.java:1208)
	at org.testng.TestNG.runSuites(TestNG.java:1112)
	at org.testng.TestNG.run(TestNG.java:1079)
	at org.apache.maven.surefire.testng.TestNGExecutor.run(TestNGExecutor.java:308)
	at org.apache.maven.surefire.testng.TestNGXmlTestSuite.execute(TestNGXmlTestSuite.java:71)
	at org.apache.maven.surefire.testng.TestNGProvider.invoke(TestNGProvider.java:113)
	at org.apache.maven.surefire.booter.ForkedBooter.runSuitesInProcess(ForkedBooter.java:385)
	at org.apache.maven.surefire.booter.ForkedBooter.execute(ForkedBooter.java:162)
	at org.apache.maven.surefire.booter.ForkedBooter.run(ForkedBooter.java:507)
	at org.apache.maven.surefire.booter.ForkedBooter.main(ForkedBooter.java:495)
</pre></div></td>
<td>11</td>
<td>tests.Scenario_5_UpdateUserProfileAndVerifyChanges@44821a96</td></tr>
<tr>
<td title='tests.Scenario_5_UpdateUserProfileAndVerifyChanges.checkFName_1()'><b>checkFName_1</b><br>Test class: tests.Scenario_5_UpdateUserProfileAndVerifyChanges</td>
<td><div><pre>org.openqa.selenium.TimeoutException: Expected condition failed: waiting for visibility of element located by By.xpath: //p[@class=&apos;smallText&apos;] (tried for 10 second(s) with 500 milliseconds interval)
Build info: version: &apos;4.31.0&apos;, revision: &apos;1ef9f18787*&apos;
System info: os.name: &apos;Windows 11&apos;, os.arch: &apos;amd64&apos;, os.version: &apos;10.0&apos;, java.version: &apos;23.0.1&apos;
Driver info: org.openqa.selenium.chrome.ChromeDriver
Capabilities {acceptInsecureCerts: false, browserName: chrome, browserVersion: 135.0.7049.95, chrome: {chromedriverVersion: 135.0.7049.95 (de2eb485a195..., userDataDir: C:\Users\abdel\AppData\Loca...}, fedcm:accounts: true, goog:chromeOptions: {debuggerAddress: localhost:61743}, networkConnectionEnabled: false, pageLoadStrategy: normal, platformName: windows, proxy: Proxy(), se:cdp: ws://localhost:61743/devtoo..., se:cdpVersion: 135.0.7049.95, setWindowRect: true, strictFileInteractability: false, timeouts: {implicit: 0, pageLoad: 300000, script: 30000}, unhandledPromptBehavior: dismiss and notify, webauthn:extension:credBlob: true, webauthn:extension:largeBlob: true, webauthn:extension:minPinLength: true, webauthn:extension:prf: true, webauthn:virtualAuthenticators: true}
Session ID: 84f6a2dd1eb0aafcb773ed2c152ee2a3
	at org.openqa.selenium.support.ui.WebDriverWait.timeoutException(WebDriverWait.java:84)
	at org.openqa.selenium.support.ui.FluentWait.until(FluentWait.java:228)
	at pages.A_3_BasePage.waitUntilElementIsDisplayed(A_3_BasePage.java:84)
	at pages.A_3_BasePage.getText(A_3_BasePage.java:58)
	at pages.Page_0_StaticToolBarLinks.check_FirstNameByWelcome(Page_0_StaticToolBarLinks.java:66)
	at tests.Scenario_5_UpdateUserProfileAndVerifyChanges.checkFName_1(Scenario_5_UpdateUserProfileAndVerifyChanges.java:61)
	at java.base/java.util.ArrayList.forEach(ArrayList.java:1597)
... Removed 29 stack frames</pre></div><a href='#' onClick='toggleBox("stack-trace758057380", this, "Click to show all stack frames", "Click to hide stack frames")'>Click to show all stack frames</a>
<div class='stack-trace' id='stack-trace758057380'><pre>org.openqa.selenium.TimeoutException: Expected condition failed: waiting for visibility of element located by By.xpath: //p[@class=&apos;smallText&apos;] (tried for 10 second(s) with 500 milliseconds interval)
Build info: version: &apos;4.31.0&apos;, revision: &apos;1ef9f18787*&apos;
System info: os.name: &apos;Windows 11&apos;, os.arch: &apos;amd64&apos;, os.version: &apos;10.0&apos;, java.version: &apos;23.0.1&apos;
Driver info: org.openqa.selenium.chrome.ChromeDriver
Capabilities {acceptInsecureCerts: false, browserName: chrome, browserVersion: 135.0.7049.95, chrome: {chromedriverVersion: 135.0.7049.95 (de2eb485a195..., userDataDir: C:\Users\abdel\AppData\Loca...}, fedcm:accounts: true, goog:chromeOptions: {debuggerAddress: localhost:61743}, networkConnectionEnabled: false, pageLoadStrategy: normal, platformName: windows, proxy: Proxy(), se:cdp: ws://localhost:61743/devtoo..., se:cdpVersion: 135.0.7049.95, setWindowRect: true, strictFileInteractability: false, timeouts: {implicit: 0, pageLoad: 300000, script: 30000}, unhandledPromptBehavior: dismiss and notify, webauthn:extension:credBlob: true, webauthn:extension:largeBlob: true, webauthn:extension:minPinLength: true, webauthn:extension:prf: true, webauthn:virtualAuthenticators: true}
Session ID: 84f6a2dd1eb0aafcb773ed2c152ee2a3
	at org.openqa.selenium.support.ui.WebDriverWait.timeoutException(WebDriverWait.java:84)
	at org.openqa.selenium.support.ui.FluentWait.until(FluentWait.java:228)
	at pages.A_3_BasePage.waitUntilElementIsDisplayed(A_3_BasePage.java:84)
	at pages.A_3_BasePage.getText(A_3_BasePage.java:58)
	at pages.Page_0_StaticToolBarLinks.check_FirstNameByWelcome(Page_0_StaticToolBarLinks.java:66)
	at tests.Scenario_5_UpdateUserProfileAndVerifyChanges.checkFName_1(Scenario_5_UpdateUserProfileAndVerifyChanges.java:61)
	at java.base/jdk.internal.reflect.DirectMethodHandleAccessor.invoke(DirectMethodHandleAccessor.java:103)
	at java.base/java.lang.reflect.Method.invoke(Method.java:580)
	at org.testng.internal.invokers.MethodInvocationHelper.invokeMethod(MethodInvocationHelper.java:141)
	at org.testng.internal.invokers.TestInvoker.invokeMethod(TestInvoker.java:687)
	at org.testng.internal.invokers.TestInvoker.invokeTestMethod(TestInvoker.java:230)
	at org.testng.internal.invokers.MethodRunner.runInSequence(MethodRunner.java:63)
	at org.testng.internal.invokers.TestInvoker$MethodInvocationAgent.invoke(TestInvoker.java:995)
	at org.testng.internal.invokers.TestInvoker.invokeTestMethods(TestInvoker.java:203)
	at org.testng.internal.invokers.TestMethodWorker.invokeTestMethods(TestMethodWorker.java:154)
	at org.testng.internal.invokers.TestMethodWorker.run(TestMethodWorker.java:134)
	at java.base/java.util.ArrayList.forEach(ArrayList.java:1597)
	at org.testng.TestRunner.privateRun(TestRunner.java:741)
	at org.testng.TestRunner.run(TestRunner.java:616)
	at org.testng.SuiteRunner.runTest(SuiteRunner.java:421)
	at org.testng.SuiteRunner.runSequentially(SuiteRunner.java:413)
	at org.testng.SuiteRunner.privateRun(SuiteRunner.java:373)
	at org.testng.SuiteRunner.run(SuiteRunner.java:312)
	at org.testng.SuiteRunnerWorker.runSuite(SuiteRunnerWorker.java:52)
	at org.testng.SuiteRunnerWorker.run(SuiteRunnerWorker.java:95)
	at org.testng.TestNG.runSuitesSequentially(TestNG.java:1274)
	at org.testng.TestNG.runSuitesLocally(TestNG.java:1208)
	at org.testng.TestNG.runSuites(TestNG.java:1112)
	at org.testng.TestNG.run(TestNG.java:1079)
	at org.apache.maven.surefire.testng.TestNGExecutor.run(TestNGExecutor.java:308)
	at org.apache.maven.surefire.testng.TestNGXmlTestSuite.execute(TestNGXmlTestSuite.java:71)
	at org.apache.maven.surefire.testng.TestNGProvider.invoke(TestNGProvider.java:113)
	at org.apache.maven.surefire.booter.ForkedBooter.runSuitesInProcess(ForkedBooter.java:385)
	at org.apache.maven.surefire.booter.ForkedBooter.execute(ForkedBooter.java:162)
	at org.apache.maven.surefire.booter.ForkedBooter.run(ForkedBooter.java:507)
	at org.apache.maven.surefire.booter.ForkedBooter.main(ForkedBooter.java:495)
</pre></div></td>
<td>10</td>
<td>tests.Scenario_5_UpdateUserProfileAndVerifyChanges@44821a96</td></tr>
</table><p>
<table width='100%' border='1' class='invocation-passed'>
<tr><td colspan='4' align='center'><b>PASSED TESTS</b></td></tr>
<tr><td><b>Test method</b></td>
<td><b>Attribute(s)</b></td>
<td width="30%"><b>Exception</b></td>
<td width="10%"><b>Time (seconds)</b></td>
<td><b>Instance</b></td>
</tr>
<tr>
<td title='tests.Scenario_2_RegisterNewUserAndLogOut.RegisterWith_ValidData()'><b>RegisterWith_ValidData</b><br>Test class: tests.Scenario_2_RegisterNewUserAndLogOut</td>
<td></td>
<td>8</td>
<td>tests.Scenario_2_RegisterNewUserAndLogOut@41e1e210</td></tr>
<tr>
<td title='tests.Scenario_1_CheckWebsiteIsReadyForTest.openHomePage()'><b>openHomePage</b><br>Test class: tests.Scenario_1_CheckWebsiteIsReadyForTest</td>
<td></td>
<td>3</td>
<td>tests.Scenario_1_CheckWebsiteIsReadyForTest@696da30b</td></tr>
<tr>
<td title='tests.Scenario_4_ForgetLoginInformation.askForLoginInformation()'><b>askForLoginInformation</b><br>Test class: tests.Scenario_4_ForgetLoginInformation</td>
<td></td>
<td>4</td>
<td>tests.Scenario_4_ForgetLoginInformation@4944252c</td></tr>
<tr>
<td title='tests.Scenario_2_RegisterNewUserAndLogOut.clearDB()'><b>clearDB</b><br>Test class: tests.Scenario_2_RegisterNewUserAndLogOut</td>
<td></td>
<td>0</td>
<td>tests.Scenario_2_RegisterNewUserAndLogOut@41e1e210</td></tr>
<tr>
<td title='tests.Scenario_5_UpdateUserProfileAndVerifyChanges.logIn_1()'><b>logIn_1</b><br>Test class: tests.Scenario_5_UpdateUserProfileAndVerifyChanges</td>
<td></td>
<td>2</td>
<td>tests.Scenario_5_UpdateUserProfileAndVerifyChanges@44821a96</td></tr>
<tr>
<td title='tests.Scenario_4_ForgetLoginInformation.openLoginInformation()'><b>openLoginInformation</b><br>Test class: tests.Scenario_4_ForgetLoginInformation</td>
<td></td>
<td>1</td>
<td>tests.Scenario_4_ForgetLoginInformation@4944252c</td></tr>
<tr>
<td title='tests.Scenario_3_LoginAndLogoutFromHomePage.logOut()'><b>logOut</b><br>Test class: tests.Scenario_3_LoginAndLogoutFromHomePage</td>
<td></td>
<td>1</td>
<td>tests.Scenario_3_LoginAndLogoutFromHomePage@be35cd9</td></tr>
<tr>
<td title='tests.Scenario_4_ForgetLoginInformation.openHomePage()'><b>openHomePage</b><br>Test class: tests.Scenario_4_ForgetLoginInformation</td>
<td></td>
<td>2</td>
<td>tests.Scenario_4_ForgetLoginInformation@4944252c</td></tr>
<tr>
<td title='tests.Scenario_4_ForgetLoginInformation.logOut()'><b>logOut</b><br>Test class: tests.Scenario_4_ForgetLoginInformation</td>
<td></td>
<td>1</td>
<td>tests.Scenario_4_ForgetLoginInformation@4944252c</td></tr>
<tr>
<td title='tests.Scenario_4_ForgetLoginInformation.checkUNameAndPassword()'><b>checkUNameAndPassword</b><br>Test class: tests.Scenario_4_ForgetLoginInformation</td>
<td></td>
<td>0</td>
<td>tests.Scenario_4_ForgetLoginInformation@4944252c</td></tr>
<tr>
<td title='tests.Scenario_3_LoginAndLogoutFromHomePage.openHomePage()'><b>openHomePage</b><br>Test class: tests.Scenario_3_LoginAndLogoutFromHomePage</td>
<td></td>
<td>2</td>
<td>tests.Scenario_3_LoginAndLogoutFromHomePage@be35cd9</td></tr>
<tr>
<td title='tests.Scenario_2_RegisterNewUserAndLogOut.openRegisterPage()'><b>openRegisterPage</b><br>Test class: tests.Scenario_2_RegisterNewUserAndLogOut</td>
<td></td>
<td>2</td>
<td>tests.Scenario_2_RegisterNewUserAndLogOut@41e1e210</td></tr>
<tr>
<td title='tests.Scenario_2_RegisterNewUserAndLogOut.logOut()'><b>logOut</b><br>Test class: tests.Scenario_2_RegisterNewUserAndLogOut</td>
<td></td>
<td>1</td>
<td>tests.Scenario_2_RegisterNewUserAndLogOut@41e1e210</td></tr>
<tr>
<td title='tests.Scenario_5_UpdateUserProfileAndVerifyChanges.openUUpdateContactInfoPage_1()'><b>openUUpdateContactInfoPage_1</b><br>Test class: tests.Scenario_5_UpdateUserProfileAndVerifyChanges</td>
<td></td>
<td>1</td>
<td>tests.Scenario_5_UpdateUserProfileAndVerifyChanges@44821a96</td></tr>
<tr>
<td title='tests.Scenario_5_UpdateUserProfileAndVerifyChanges.openHomePage()'><b>openHomePage</b><br>Test class: tests.Scenario_5_UpdateUserProfileAndVerifyChanges</td>
<td></td>
<td>1</td>
<td>tests.Scenario_5_UpdateUserProfileAndVerifyChanges@44821a96</td></tr>
<tr>
<td title='tests.Scenario_1_CheckWebsiteIsReadyForTest.openRegisterPage()'><b>openRegisterPage</b><br>Test class: tests.Scenario_1_CheckWebsiteIsReadyForTest</td>
<td></td>
<td>2</td>
<td>tests.Scenario_1_CheckWebsiteIsReadyForTest@696da30b</td></tr>
<tr>
<td title='tests.Scenario_5_UpdateUserProfileAndVerifyChanges.logOut_1()'><b>logOut_1</b><br>Test class: tests.Scenario_5_UpdateUserProfileAndVerifyChanges</td>
<td></td>
<td>1</td>
<td>tests.Scenario_5_UpdateUserProfileAndVerifyChanges@44821a96</td></tr>
<tr>
<td title='tests.Scenario_5_UpdateUserProfileAndVerifyChanges.editFirsName_ValidData()'><b>editFirsName_ValidData</b><br>Test class: tests.Scenario_5_UpdateUserProfileAndVerifyChanges</td>
<td></td>
<td>3</td>
<td>tests.Scenario_5_UpdateUserProfileAndVerifyChanges@44821a96</td></tr>
<tr>
<td title='tests.Scenario_3_LoginAndLogoutFromHomePage.logIn()'><b>logIn</b><br>Test class: tests.Scenario_3_LoginAndLogoutFromHomePage</td>
<td></td>
<td>2</td>
<td>tests.Scenario_3_LoginAndLogoutFromHomePage@be35cd9</td></tr>
</table><p>
</body>
</html>