<?xml version="1.0" encoding="UTF-8"?>
<!-- Generated by org.testng.reporters.JUnitXMLReporter -->
<testsuite ignored="13" hostname="A-L-14" failures="2" tests="7" name="Scenario Tests" time="39.815" errors="0" timestamp="2025-04-15T17:08:47 EET">
  <testcase classname="tests.Scenario_1_CheckWebsiteIsReadyForTest" name="openHomePage" time="3.768"/>
  <testcase classname="tests.Scenario_1_CheckWebsiteIsReadyForTest" name="openRegisterPage" time="1.852"/>
  <testcase classname="tests.Scenario_2_RegisterNewUserAndLogOut" name="clearDB" time="1.045"/>
  <testcase classname="tests.Scenario_2_RegisterNewUserAndLogOut" name="openRegisterPage" time="2.328"/>
  <testcase classname="tests.Scenario_2_RegisterNewUserAndLogOut" name="RegisterWith_ValidData" time="7.468">
    <failure type="java.lang.AssertionError" message="expected [true] but found [false]">
      <![CDATA[java.lang.AssertionError: expected [true] but found [false]
at tests.Scenario_2_RegisterNewUserAndLogOut.RegisterWith_ValidData(Scenario_2_RegisterNewUserAndLogOut.java:35)
at java.base/java.util.ArrayList.forEach(ArrayList.java:1597)
... Removed 33 stack frames]]>
    </failure>
  </testcase> <!-- RegisterWith_ValidData -->
  <testcase classname="tests.Scenario_2_RegisterNewUserAndLogOut" name="logOut" time="10.337">
    <failure type="org.openqa.selenium.TimeoutException" message="Expected condition failed: waiting for visibility of element located by By.linkText: Log Out (tried for 10 second(s) with 500 milliseconds interval)
Build info: version: &amp;apos;4.31.0&amp;apos;, revision: &amp;apos;1ef9f18787*&amp;apos;
System info: os.name: &amp;apos;Windows 11&amp;apos;, os.arch: &amp;apos;amd64&amp;apos;, os.version: &amp;apos;10.0&amp;apos;, java.version: &amp;apos;23.0.1&amp;apos;
Driver info: org.openqa.selenium.chrome.ChromeDriver
Capabilities {acceptInsecureCerts: false, browserName: chrome, browserVersion: 135.0.7049.85, chrome: {chromedriverVersion: 135.0.7049.84 (6c019e560019..., userDataDir: C:\Users\abdel\AppData\Loca...}, fedcm:accounts: true, goog:chromeOptions: {debuggerAddress: localhost:53657}, networkConnectionEnabled: false, pageLoadStrategy: normal, platformName: windows, proxy: Proxy(), se:cdp: ws://localhost:53657/devtoo..., se:cdpVersion: 135.0.7049.85, setWindowRect: true, strictFileInteractability: false, timeouts: {implicit: 0, pageLoad: 300000, script: 30000}, unhandledPromptBehavior: dismiss and notify, webauthn:extension:credBlob: true, webauthn:extension:largeBlob: true, webauthn:extension:minPinLength: true, webauthn:extension:prf: true, webauthn:virtualAuthenticators: true}
Session ID: 9e05817f3554e06c5b5913a8b75e0ae7">
      <![CDATA[org.openqa.selenium.TimeoutException: Expected condition failed: waiting for visibility of element located by By.linkText: Log Out (tried for 10 second(s) with 500 milliseconds interval)
Build info: version: '4.31.0', revision: '1ef9f18787*'
System info: os.name: 'Windows 11', os.arch: 'amd64', os.version: '10.0', java.version: '23.0.1'
Driver info: org.openqa.selenium.chrome.ChromeDriver
Capabilities {acceptInsecureCerts: false, browserName: chrome, browserVersion: 135.0.7049.85, chrome: {chromedriverVersion: 135.0.7049.84 (6c019e560019..., userDataDir: C:\Users\abdel\AppData\Loca...}, fedcm:accounts: true, goog:chromeOptions: {debuggerAddress: localhost:53657}, networkConnectionEnabled: false, pageLoadStrategy: normal, platformName: windows, proxy: Proxy(), se:cdp: ws://localhost:53657/devtoo..., se:cdpVersion: 135.0.7049.85, setWindowRect: true, strictFileInteractability: false, timeouts: {implicit: 0, pageLoad: 300000, script: 30000}, unhandledPromptBehavior: dismiss and notify, webauthn:extension:credBlob: true, webauthn:extension:largeBlob: true, webauthn:extension:minPinLength: true, webauthn:extension:prf: true, webauthn:virtualAuthenticators: true}
Session ID: 9e05817f3554e06c5b5913a8b75e0ae7
at org.openqa.selenium.support.ui.WebDriverWait.timeoutException(WebDriverWait.java:84)
at org.openqa.selenium.support.ui.FluentWait.until(FluentWait.java:228)
at pages.A_3_BasePage.waitUntilElementIsDisplayed(A_3_BasePage.java:84)
at pages.A_3_BasePage.clickElement(A_3_BasePage.java:44)
at pages.Page_0_StaticToolBarLinks.goTo_LogOut(Page_0_StaticToolBarLinks.java:58)
at tests.Scenario_2_RegisterNewUserAndLogOut.logOut(Scenario_2_RegisterNewUserAndLogOut.java:40)
at java.base/java.util.ArrayList.forEach(ArrayList.java:1597)
... Removed 29 stack frames]]>
    </failure>
  </testcase> <!-- logOut -->
  <testcase classname="tests.Scenario_3_LoginAndLogoutFromHomePage" name="openHomePage" time="2.324"/>
  <testcase classname="tests.D_1_BaseTest" name="@AfterSuite endSuiteTest" time="0.0">
    <ignored/>
  </testcase> <!-- @AfterSuite endSuiteTest -->
  <testcase classname="tests.D_1_BaseTest" name="@AfterSuite endSuiteTest" time="0.0">
    <ignored/>
  </testcase> <!-- @AfterSuite endSuiteTest -->
  <testcase classname="tests.D_1_BaseTest" name="@AfterSuite endSuiteTest" time="0.0">
    <ignored/>
  </testcase> <!-- @AfterSuite endSuiteTest -->
  <testcase classname="tests.D_1_BaseTest" name="@AfterSuite endSuiteTest" time="0.0">
    <ignored/>
  </testcase> <!-- @AfterSuite endSuiteTest -->
  <testcase classname="tests.D_1_BaseTest" name="@AfterSuite endSuiteTest" time="0.0">
    <ignored/>
  </testcase> <!-- @AfterSuite endSuiteTest -->
  <testcase classname="tests.D_1_BaseTest" name="@AfterSuite endSuiteTest" time="0.0">
    <ignored/>
  </testcase> <!-- @AfterSuite endSuiteTest -->
  <testcase classname="tests.D_1_BaseTest" name="@AfterSuite endSuiteTest" time="0.0">
    <ignored/>
  </testcase> <!-- @AfterSuite endSuiteTest -->
  <testcase classname="tests.D_1_BaseTest" name="@AfterSuite endSuiteTest" time="0.0">
    <ignored/>
  </testcase> <!-- @AfterSuite endSuiteTest -->
  <testcase classname="tests.D_1_BaseTest" name="@AfterSuite endSuiteTest" time="0.0">
    <ignored/>
  </testcase> <!-- @AfterSuite endSuiteTest -->
  <testcase classname="tests.D_1_BaseTest" name="@AfterSuite endSuiteTest" time="0.0">
    <ignored/>
  </testcase> <!-- @AfterSuite endSuiteTest -->
  <testcase classname="tests.D_1_BaseTest" name="@AfterSuite endSuiteTest" time="0.0">
    <ignored/>
  </testcase> <!-- @AfterSuite endSuiteTest -->
  <testcase classname="tests.D_1_BaseTest" name="@AfterSuite endSuiteTest" time="0.0">
    <ignored/>
  </testcase> <!-- @AfterSuite endSuiteTest -->
  <testcase classname="tests.D_1_BaseTest" name="@AfterSuite endSuiteTest" time="0.0">
    <ignored/>
  </testcase> <!-- @AfterSuite endSuiteTest -->
</testsuite> <!-- Scenario Tests -->
